<?xml version="1.0" encoding="UTF-8"?>
<!-- Generated by org.testng.reporters.JUnitReportReporter -->
<testsuite hostname="DESKTOP-MG72S48" failures="5" tests="12" name="com.automation.tests.CucumberRunnerTests" time="15.985" errors="0" timestamp="28 Jul 2025 19:29:51 GMT" skipped="0">
  <testcase classname="com.automation.tests.CucumberRunnerTests" name="runScenario" time="10.439"/>
  <testcase classname="com.automation.tests.CucumberRunnerTests" name="runScenario" time="0.001"/>
  <testcase classname="com.automation.tests.CucumberRunnerTests" name="runScenario" time="0.498"/>
  <testcase classname="com.automation.tests.CucumberRunnerTests" name="runScenario" time="0.624"/>
  <testcase classname="com.automation.tests.CucumberRunnerTests" name="runScenario" time="0.587">
    <failure message="" type="java.lang.AssertionError">
      <![CDATA[java.lang.AssertionError: 
	at org.testng.AssertJUnit.fail(AssertJUnit.java:59)
	at org.testng.AssertJUnit.assertTrue(AssertJUnit.java:24)
	at org.testng.AssertJUnit.assertTrue(AssertJUnit.java:33)
	at com.automation.definitions.LibraryCardTest.lastNameErrorMessageIsDisplayed(LibraryCardTest.java:113)
	at ✽.Last name error message is displayed(file:///C:/javaprojects/Tekstac-hands-on/Library-Management-Project/src/test/java/com/automation/features/LibraryCard.feature:32)
]]>
    </failure>
  </testcase> <!-- runScenario -->
  <testcase classname="com.automation.tests.CucumberRunnerTests" name="runScenario" time="1.386"/>
  <testcase classname="com.automation.tests.CucumberRunnerTests" name="runScenario" time="0.577">
    <failure message="" type="java.lang.AssertionError">
      <![CDATA[java.lang.AssertionError: 
	at org.testng.AssertJUnit.fail(AssertJUnit.java:59)
	at org.testng.AssertJUnit.assertTrue(AssertJUnit.java:24)
	at org.testng.AssertJUnit.assertTrue(AssertJUnit.java:33)
	at com.automation.definitions.LibraryCardTest.firstNameErrorMessageIsDisplayed(LibraryCardTest.java:103)
	at ✽.First name error message is displayed(file:///C:/javaprojects/Tekstac-hands-on/Library-Management-Project/src/test/java/com/automation/features/LibraryCard.feature:25)
]]>
    </failure>
  </testcase> <!-- runScenario -->
  <testcase classname="com.automation.tests.CucumberRunnerTests" name="runScenario" time="0.559">
    <failure message="" type="java.lang.AssertionError">
      <![CDATA[java.lang.AssertionError: 
	at org.testng.AssertJUnit.fail(AssertJUnit.java:59)
	at org.testng.AssertJUnit.assertTrue(AssertJUnit.java:24)
	at org.testng.AssertJUnit.assertTrue(AssertJUnit.java:33)
	at com.automation.definitions.LibraryCardTest.phoneErrorMessageIsDisplayed(LibraryCardTest.java:128)
	at ✽.Phone error message is displayed(file:///C:/javaprojects/Tekstac-hands-on/Library-Management-Project/src/test/java/com/automation/features/LibraryCard.feature:53)
]]>
    </failure>
  </testcase> <!-- runScenario -->
  <testcase classname="com.automation.tests.CucumberRunnerTests" name="runScenario" time="0.112"/>
  <testcase classname="com.automation.tests.CucumberRunnerTests" name="runScenario" time="0.001"/>
  <testcase classname="com.automation.tests.CucumberRunnerTests" name="runScenario" time="0.617">
    <failure message="" type="java.lang.AssertionError">
      <![CDATA[java.lang.AssertionError: 
	at org.testng.AssertJUnit.fail(AssertJUnit.java:59)
	at org.testng.AssertJUnit.assertTrue(AssertJUnit.java:24)
	at org.testng.AssertJUnit.assertTrue(AssertJUnit.java:33)
	at com.automation.definitions.LibraryCardTest.ageErrorMessageIsDisplayed(LibraryCardTest.java:118)
	at ✽.Age error message is displayed(file:///C:/javaprojects/Tekstac-hands-on/Library-Management-Project/src/test/java/com/automation/features/LibraryCard.feature:39)
]]>
    </failure>
  </testcase> <!-- runScenario -->
  <testcase classname="com.automation.tests.CucumberRunnerTests" name="runScenario" time="0.584">
    <failure message="" type="java.lang.AssertionError">
      <![CDATA[java.lang.AssertionError: 
	at org.testng.AssertJUnit.fail(AssertJUnit.java:59)
	at org.testng.AssertJUnit.assertTrue(AssertJUnit.java:24)
	at org.testng.AssertJUnit.assertTrue(AssertJUnit.java:33)
	at com.automation.definitions.LibraryCardTest.emailErrorMessageIsDisplayed(LibraryCardTest.java:123)
	at ✽.Email error message is displayed(file:///C:/javaprojects/Tekstac-hands-on/Library-Management-Project/src/test/java/com/automation/features/LibraryCard.feature:46)
]]>
    </failure>
  </testcase> <!-- runScenario -->
</testsuite> <!-- com.automation.tests.CucumberRunnerTests -->
